TN:
SF:/Users/joao.dias/www/PERSONAL/paperboy/src/components/a11y/a11ypagetitle.component.tsx
FN:17,(anonymous_0)
FNF:1
FNH:1
FNDA:1,(anonymous_0)
DA:2,1
DA:4,1
DA:17,1
DA:18,1
DA:19,1
DA:33,1
DA:37,1
LF:7
LH:7
BRF:0
BRH:0
end_of_record
TN:
SF:/Users/joao.dias/www/PERSONAL/paperboy/src/components/a11y/a11ypagetitle.styled.ts
FNF:0
FNH:0
DA:1,1
DA:3,1
DA:12,1
LF:3
LH:3
BRF:0
BRH:0
end_of_record
TN:
SF:/Users/joao.dias/www/PERSONAL/paperboy/src/components/data-entry/forms/switch/form-switch.component.tsx
FN:20,(anonymous_0)
FNF:1
FNH:1
FNDA:1,(anonymous_0)
DA:2,1
DA:3,1
DA:4,1
DA:20,1
DA:21,1
DA:23,1
DA:24,1
DA:47,1
DA:52,1
DA:144,1
LF:10
LH:10
BRDA:23,0,0,0
BRDA:23,0,1,1
BRDA:26,1,0,0
BRDA:26,1,1,1
BRF:4
BRH:2
end_of_record
TN:
SF:/Users/joao.dias/www/PERSONAL/paperboy/src/components/general/icons/arrow-right.icon.tsx
FN:6,(anonymous_0)
FNF:1
FNH:0
FNDA:0,(anonymous_0)
DA:2,1
DA:3,1
DA:4,1
DA:6,1
DA:7,0
DA:14,1
DA:19,1
LF:7
LH:6
BRF:0
BRH:0
end_of_record
TN:
SF:/Users/joao.dias/www/PERSONAL/paperboy/src/components/general/icons/branding-large.icon.tsx
FN:18,(anonymous_0)
FN:64,(anonymous_1)
FN:67,(anonymous_2)
FNF:3
FNH:0
FNDA:0,(anonymous_0)
FNDA:0,(anonymous_1)
FNDA:0,(anonymous_2)
DA:2,1
DA:3,1
DA:4,1
DA:18,1
DA:19,0
DA:20,0
DA:41,1
DA:51,1
DA:64,0
DA:67,0
DA:72,1
DA:77,1
DA:81,1
LF:13
LH:9
BRDA:64,0,0,0
BRDA:64,0,1,0
BRF:2
BRH:0
end_of_record
TN:
SF:/Users/joao.dias/www/PERSONAL/paperboy/src/components/general/icons/branding-small.icon.tsx
FN:16,(anonymous_0)
FNF:1
FNH:0
FNDA:0,(anonymous_0)
DA:2,1
DA:3,1
DA:16,1
DA:17,0
DA:70,1
DA:88,1
LF:6
LH:5
BRF:0
BRH:0
end_of_record
TN:
SF:/Users/joao.dias/www/PERSONAL/paperboy/src/components/general/icons/categories.icon.tsx
FN:16,(anonymous_0)
FNF:1
FNH:0
FNDA:0,(anonymous_0)
DA:2,1
DA:3,1
DA:16,1
DA:17,0
DA:46,1
DA:62,1
LF:6
LH:5
BRF:0
BRH:0
end_of_record
TN:
SF:/Users/joao.dias/www/PERSONAL/paperboy/src/components/general/icons/close.icon.tsx
FN:17,(anonymous_0)
FNF:1
FNH:0
FNDA:0,(anonymous_0)
DA:2,1
DA:3,1
DA:4,1
DA:17,1
DA:18,0
DA:28,1
DA:33,1
LF:7
LH:6
BRF:0
BRH:0
end_of_record
TN:
SF:/Users/joao.dias/www/PERSONAL/paperboy/src/components/general/icons/icon.bookmark.tsx
FN:16,(anonymous_0)
FNF:1
FNH:0
FNDA:0,(anonymous_0)
DA:2,1
DA:3,1
DA:16,1
DA:17,0
DA:19,0
DA:36,1
DA:45,1
LF:7
LH:5
BRDA:20,0,0,0
BRDA:20,0,1,0
BRF:2
BRH:0
end_of_record
TN:
SF:/Users/joao.dias/www/PERSONAL/paperboy/src/components/general/icons/icon.change-type.tsx
FN:7,(anonymous_0)
FN:22,(anonymous_1)
FNF:2
FNH:1
FNDA:1,(anonymous_0)
FNDA:0,(anonymous_1)
DA:2,1
DA:3,1
DA:4,1
DA:7,1
DA:8,1
DA:9,1
DA:22,1
DA:23,0
DA:25,0
DA:43,1
DA:48,1
DA:60,1
DA:76,1
LF:13
LH:11
BRDA:7,0,0,1
BRDA:7,0,1,1
BRDA:30,1,0,0
BRDA:30,1,1,0
BRF:4
BRH:2
end_of_record
TN:
SF:/Users/joao.dias/www/PERSONAL/paperboy/src/components/general/icons/icon.facebook.tsx
FN:15,(anonymous_0)
FN:29,(anonymous_1)
FN:30,(anonymous_2)
FN:31,(anonymous_3)
FNF:4
FNH:4
FNDA:1,(anonymous_0)
FNDA:1,(anonymous_1)
FNDA:1,(anonymous_2)
FNDA:1,(anonymous_3)
DA:2,1
DA:3,1
DA:4,1
DA:15,1
DA:16,1
DA:28,1
DA:29,1
DA:30,1
DA:31,1
DA:35,1
LF:10
LH:10
BRDA:30,0,0,0
BRDA:30,0,1,1
BRDA:31,1,0,0
BRDA:31,1,1,1
BRF:4
BRH:2
end_of_record
TN:
SF:/Users/joao.dias/www/PERSONAL/paperboy/src/components/general/icons/icon.sms.tsx
FN:11,(anonymous_0)
FNF:1
FNH:1
FNDA:1,(anonymous_0)
DA:2,1
DA:3,1
DA:4,1
DA:11,1
DA:12,1
DA:24,1
DA:29,1
LF:7
LH:7
BRF:0
BRH:0
end_of_record
TN:
SF:/Users/joao.dias/www/PERSONAL/paperboy/src/components/general/icons/icon.twitter.tsx
FN:14,(anonymous_0)
FN:28,(anonymous_1)
FN:29,(anonymous_2)
FN:30,(anonymous_3)
FNF:4
FNH:4
FNDA:1,(anonymous_0)
FNDA:1,(anonymous_1)
FNDA:1,(anonymous_2)
FNDA:1,(anonymous_3)
DA:2,1
DA:3,1
DA:4,1
DA:14,1
DA:15,1
DA:27,1
DA:28,1
DA:29,1
DA:30,1
DA:34,1
LF:10
LH:10
BRDA:29,0,0,0
BRDA:29,0,1,1
BRDA:30,1,0,0
BRDA:30,1,1,1
BRF:4
BRH:2
end_of_record
TN:
SF:/Users/joao.dias/www/PERSONAL/paperboy/src/components/general/icons/icon.typeset.tsx
FN:16,(anonymous_0)
FNF:1
FNH:0
FNDA:0,(anonymous_0)
DA:2,1
DA:3,1
DA:16,1
DA:17,0
DA:19,0
DA:41,1
DA:60,1
LF:7
LH:5
BRDA:20,0,0,0
BRDA:20,0,1,0
BRF:2
BRH:0
end_of_record
TN:
SF:/Users/joao.dias/www/PERSONAL/paperboy/src/components/general/icons/icon.whatsapp.tsx
FN:14,(anonymous_0)
FN:38,(anonymous_1)
FN:39,(anonymous_2)
FN:40,(anonymous_3)
FNF:4
FNH:4
FNDA:1,(anonymous_0)
FNDA:1,(anonymous_1)
FNDA:1,(anonymous_2)
FNDA:1,(anonymous_3)
DA:2,1
DA:3,1
DA:4,1
DA:14,1
DA:15,1
DA:37,1
DA:38,1
DA:39,1
DA:40,1
DA:44,1
LF:10
LH:10
BRDA:39,0,0,0
BRDA:39,0,1,1
BRDA:40,1,0,0
BRDA:40,1,1,1
BRF:4
BRH:2
end_of_record
TN:
SF:/Users/joao.dias/www/PERSONAL/paperboy/src/components/general/icons/icons.ts
FNF:0
FNH:0
DA:1,1
DA:2,1
DA:3,1
DA:4,1
DA:5,1
DA:6,1
DA:7,1
DA:8,1
DA:9,1
DA:10,1
DA:11,1
DA:12,1
DA:13,1
DA:14,1
DA:15,1
DA:16,1
DA:17,1
DA:18,1
DA:21,1
DA:22,1
DA:23,1
DA:24,1
DA:25,1
DA:26,1
DA:27,1
DA:28,1
DA:29,1
DA:30,1
DA:31,1
DA:32,1
DA:33,1
DA:34,1
DA:35,1
DA:36,1
DA:37,1
DA:38,1
LF:36
LH:36
BRF:0
BRH:0
end_of_record
TN:
SF:/Users/joao.dias/www/PERSONAL/paperboy/src/components/general/icons/news.icon.tsx
FN:16,(anonymous_0)
FNF:1
FNH:0
FNDA:0,(anonymous_0)
DA:2,1
DA:3,1
DA:16,1
DA:17,0
DA:32,1
DA:48,1
LF:6
LH:5
BRF:0
BRH:0
end_of_record
TN:
SF:/Users/joao.dias/www/PERSONAL/paperboy/src/components/general/icons/safari-share.icon.tsx
FN:16,(anonymous_0)
FNF:1
FNH:0
FNDA:0,(anonymous_0)
DA:2,1
DA:3,1
DA:16,1
DA:17,0
DA:37,1
DA:42,1
LF:6
LH:5
BRF:0
BRH:0
end_of_record
TN:
SF:/Users/joao.dias/www/PERSONAL/paperboy/src/components/general/icons/saved.icon.tsx
FN:16,(anonymous_0)
FNF:1
FNH:0
FNDA:0,(anonymous_0)
DA:2,1
DA:3,1
DA:16,1
DA:17,0
DA:28,1
DA:44,1
LF:6
LH:5
BRF:0
BRH:0
end_of_record
TN:
SF:/Users/joao.dias/www/PERSONAL/paperboy/src/components/general/icons/search.icon.tsx
FN:16,(anonymous_0)
FNF:1
FNH:0
FNDA:0,(anonymous_0)
DA:2,1
DA:3,1
DA:16,1
DA:17,0
DA:31,1
DA:47,1
LF:6
LH:5
BRF:0
BRH:0
end_of_record
TN:
SF:/Users/joao.dias/www/PERSONAL/paperboy/src/components/general/icons/settings.icon.tsx
FN:16,(anonymous_0)
FNF:1
FNH:0
FNDA:0,(anonymous_0)
DA:2,1
DA:3,1
DA:16,1
DA:17,0
DA:38,1
DA:54,1
LF:6
LH:5
BRF:0
BRH:0
end_of_record
TN:
SF:/Users/joao.dias/www/PERSONAL/paperboy/src/components/general/icons/share.icon.tsx
FN:18,(anonymous_0)
FN:19,(anonymous_1)
FNF:2
FNH:0
FNDA:0,(anonymous_0)
FNDA:0,(anonymous_1)
DA:2,1
DA:3,1
DA:4,1
DA:18,1
DA:19,0
DA:20,0
DA:22,0
DA:38,0
DA:47,0
DA:55,1
DA:60,1
DA:65,1
LF:12
LH:7
BRDA:21,0,0,0
BRDA:21,0,1,0
BRDA:21,0,2,0
BRDA:21,0,3,0
BRF:4
BRH:0
end_of_record
TN:
SF:/Users/joao.dias/www/PERSONAL/paperboy/src/components/general/social/ShareSheet/ShareSheet.styled.ts
FNF:0
FNH:0
DA:1,1
DA:2,1
DA:3,1
DA:5,1
DA:94,1
LF:5
LH:5
BRF:0
BRH:0
end_of_record
TN:
SF:/Users/joao.dias/www/PERSONAL/paperboy/src/components/general/social/ShareSheet/ShareSheet.tsx
FN:25,(anonymous_0)
FN:42,(anonymous_1)
FN:45,(anonymous_2)
FN:81,(anonymous_3)
FNF:4
FNH:1
FNDA:1,(anonymous_0)
FNDA:0,(anonymous_1)
FNDA:0,(anonymous_2)
FNDA:0,(anonymous_3)
DA:2,1
DA:3,1
DA:5,1
DA:7,1
DA:25,1
DA:26,1
DA:27,1
DA:28,1
DA:29,1
DA:30,1
DA:32,1
DA:34,1
DA:35,1
DA:36,0
DA:43,0
DA:46,0
DA:49,1
DA:81,0
DA:94,0
DA:97,1
LF:20
LH:15
BRDA:27,0,0,1
BRDA:27,0,1,1
BRDA:28,1,0,1
BRDA:28,1,1,1
BRDA:34,2,0,1
BRDA:34,2,1,0
BRDA:35,3,0,0
BRDA:35,3,1,1
BRDA:35,4,0,1
BRDA:35,4,1,1
BRF:10
BRH:8
end_of_record
TN:
SF:/Users/joao.dias/www/PERSONAL/paperboy/src/components/general/typography/typography.theme.tsx
FN:17,(anonymous_0)
FN:32,(anonymous_1)
FN:47,(anonymous_2)
FNF:3
FNH:3
FNDA:1,(anonymous_0)
FNDA:1,(anonymous_1)
FNDA:1,(anonymous_2)
DA:2,1
DA:3,1
DA:4,1
DA:17,1
DA:18,1
DA:19,1
DA:32,1
DA:33,1
DA:34,1
DA:47,1
DA:48,1
DA:49,1
DA:56,1
DA:68,1
DA:83,1
DA:100,1
DA:116,1
LF:17
LH:17
BRF:0
BRH:0
end_of_record
TN:
SF:/Users/joao.dias/www/PERSONAL/paperboy/src/data/interfaces/theme.interfaces.ts
FN:49,(anonymous_0)
FNF:1
FNH:1
FNDA:1,(anonymous_0)
DA:49,1
DA:50,1
DA:51,1
DA:52,1
LF:4
LH:4
BRDA:49,0,0,1
BRDA:49,0,1,1
BRF:2
BRH:2
end_of_record
TN:
SF:/Users/joao.dias/www/PERSONAL/paperboy/src/helpers/debounce.helper.ts
FN:1,(anonymous_0)
FN:6,(anonymous_1)
FN:13,(anonymous_2)
FNF:3
FNH:0
FNDA:0,(anonymous_0)
FNDA:0,(anonymous_1)
FNDA:0,(anonymous_2)
DA:1,1
DA:6,0
DA:8,0
DA:9,0
DA:13,0
DA:15,0
LF:6
LH:1
BRDA:8,0,0,0
BRDA:8,0,1,0
BRF:2
BRH:0
end_of_record
TN:
SF:/Users/joao.dias/www/PERSONAL/paperboy/src/helpers/elevation.helper.ts
FNF:0
FNH:0
DA:1,1
DA:8,1
LF:2
LH:2
BRF:0
BRH:0
end_of_record
TN:
SF:/Users/joao.dias/www/PERSONAL/paperboy/src/helpers/getScrollPosition.helper.ts
FN:1,(anonymous_0)
FNF:1
FNH:0
FNDA:0,(anonymous_0)
DA:1,1
DA:2,0
DA:3,0
DA:4,0
DA:5,0
DA:11,1
LF:6
LH:2
BRDA:1,0,0,0
BRDA:2,1,0,0
BRDA:2,1,1,0
BRDA:4,2,0,0
BRDA:4,2,1,0
BRF:5
BRH:0
end_of_record
TN:
SF:/Users/joao.dias/www/PERSONAL/paperboy/src/helpers/index.helpers.ts
FNF:0
FNH:0
DA:1,1
DA:2,1
DA:3,1
DA:4,1
DA:5,1
DA:6,1
DA:7,1
DA:8,1
LF:8
LH:8
BRF:0
BRH:0
end_of_record
TN:
SF:/Users/joao.dias/www/PERSONAL/paperboy/src/helpers/logger.helper.ts
FN:7,(anonymous_0)
FNF:1
FNH:0
FNDA:0,(anonymous_0)
DA:7,1
DA:8,0
DA:9,0
DA:10,0
DA:13,0
DA:14,0
DA:24,0
DA:26,0
DA:35,0
DA:36,0
DA:39,0
DA:48,0
DA:49,0
DA:52,0
DA:61,0
DA:62,0
DA:65,0
DA:66,0
DA:69,0
DA:70,0
DA:73,0
DA:74,0
DA:78,0
DA:79,0
DA:83,0
DA:86,1
LF:26
LH:2
BRDA:8,0,0,0
BRDA:8,0,1,0
BRDA:8,1,0,0
BRDA:8,1,1,0
BRDA:9,2,0,0
BRDA:9,2,1,0
BRDA:25,3,0,0
BRDA:25,3,1,0
BRDA:25,3,2,0
BRDA:25,3,3,0
BRDA:25,3,4,0
BRDA:25,3,5,0
BRDA:25,3,6,0
BRDA:25,3,7,0
BRF:14
BRH:0
end_of_record
TN:
SF:/Users/joao.dias/www/PERSONAL/paperboy/src/helpers/media-queries.helpers.js
FN:20,(anonymous_0)
FN:20,(anonymous_1)
FNF:2
FNH:1
FNDA:8,(anonymous_0)
FNDA:0,(anonymous_1)
DA:1,1
DA:11,1
DA:13,1
DA:20,8
DA:26,1
DA:33,1
DA:40,1
LF:7
LH:7
BRF:0
BRH:0
end_of_record
TN:
SF:/Users/joao.dias/www/PERSONAL/paperboy/src/helpers/position.helper.ts
FN:3,(anonymous_0)
FN:9,(anonymous_1)
FNF:2
FNH:0
FNDA:0,(anonymous_0)
FNDA:0,(anonymous_1)
DA:1,1
DA:3,1
DA:9,1
DA:15,1
LF:4
LH:4
BRDA:3,0,0,0
BRDA:3,1,0,0
BRDA:3,2,0,0
BRDA:3,3,0,0
BRDA:3,4,0,0
BRDA:9,5,0,0
BRDA:9,6,0,0
BRDA:9,7,0,0
BRDA:9,8,0,0
BRDA:9,9,0,0
BRF:10
BRH:0
end_of_record
TN:
SF:/Users/joao.dias/www/PERSONAL/paperboy/src/helpers/row.helper.ts
FN:3,(anonymous_0)
FNF:1
FNH:1
FNDA:6,(anonymous_0)
DA:1,1
DA:3,6
DA:10,1
LF:3
LH:3
BRDA:3,0,0,1
BRDA:3,1,0,1
BRDA:3,2,0,1
BRDA:3,3,0,1
BRF:4
BRH:4
end_of_record
TN:
SF:/Users/joao.dias/www/PERSONAL/paperboy/src/helpers/with-memo.helper.ts
FN:12,withMemo
FN:20,areEqual
FNF:2
FNH:0
FNDA:0,withMemo
FNDA:0,areEqual
DA:1,1
DA:12,1
DA:21,0
DA:23,0
DA:24,0
DA:25,0
DA:26,0
DA:27,0
DA:30,0
DA:33,0
DA:36,1
LF:11
LH:3
BRDA:25,0,0,0
BRDA:25,0,1,0
BRF:2
BRH:0
end_of_record
